<?xml version="1.0" encoding="UTF-8"?>
<!-- Generated by org.testng.reporters.JUnitReportReporter -->
<testsuite hostname="IBM-J2RC6F4" failures="0" tests="3" name="demos.TestActivity7" time="2.249" errors="0" timestamp="2026-02-04T09:18:01 IST" skipped="0">
  <testcase classname="demos.TestActivity7" name="Test1" time="0.836"/>
  <testcase classname="demos.TestActivity7" name="Test1" time="0.927"/>
  <testcase classname="demos.TestActivity7" name="Test1" time="0.486"/>
</testsuite> <!-- demos.TestActivity7 -->
