<?xml version="1.0" encoding="UTF-8"?>
<!-- Generated by org.testng.reporters.JUnitReportReporter -->
<testsuite hostname="IBM-J2RC6F4" failures="0" tests="3" name="demos.TestActivity9" time="0.965" errors="0" timestamp="2026-02-05T02:26:12 IST" skipped="0">
  <testcase classname="demos.TestActivity9" name="Testprompt" time="0.293"/>
  <testcase classname="demos.TestActivity9" name="Testsimple" time="0.266"/>
  <testcase classname="demos.TestActivity9" name="Testconfirm" time="0.406"/>
</testsuite> <!-- demos.TestActivity9 -->
