<?xml version="1.0" encoding="UTF-8"?>
<!-- Generated by org.testng.reporters.JUnitReportReporter -->
<testsuite hostname="IBM-J2RC6F4" failures="0" tests="4" name="demos.TestActivity5" time="0.120" errors="0" timestamp="2026-02-03T16:33:13 IST" skipped="0">
  <testcase classname="demos.TestActivity5" name="TestButton" time="0.064"/>
  <testcase classname="demos.TestActivity5" name="TestButton1" time="0.020"/>
  <testcase classname="demos.TestActivity5" name="TestHeader" time="0.024"/>
  <testcase classname="demos.TestActivity5" name="TestHeader1" time="0.012"/>
</testsuite> <!-- demos.TestActivity5 -->
