<?xml version="1.0" encoding="UTF-8"?>
<testng-results ignored="0" total="3" passed="3" failed="0" skipped="0">
  <reporter-output>
  </reporter-output>
  <suite started-at="2026-02-05T02:26:06 IST" name="softwaretestingmaterial" finished-at="2026-02-05T02:26:12 IST" duration-ms="5626">
    <groups>
    </groups>
    <test started-at="2026-02-05T02:26:06 IST" name="testngTest" finished-at="2026-02-05T02:26:12 IST" duration-ms="5626">
      <class name="demos.TestActivity9">
        <test-method is-config="true" signature="setup()[pri:0, instance:demos.TestActivity9@d706f19]" started-at="2026-02-05T02:26:06 IST" name="setup" finished-at="2026-02-05T02:26:10 IST" duration-ms="3876" status="PASS">
          <reporter-output>
          </reporter-output>
        </test-method> <!-- setup -->
        <test-method is-config="true" signature="loadPage()[pri:0, instance:demos.TestActivity9@d706f19]" started-at="2026-02-05T02:26:10 IST" name="loadPage" finished-at="2026-02-05T02:26:10 IST" duration-ms="125" status="PASS">
          <reporter-output>
          </reporter-output>
        </test-method> <!-- loadPage -->
        <test-method signature="Testconfirm()[pri:0, instance:demos.TestActivity9@d706f19]" started-at="2026-02-05T02:26:10 IST" name="Testconfirm" finished-at="2026-02-05T02:26:10 IST" duration-ms="246" status="PASS">
          <reporter-output>
          </reporter-output>
        </test-method> <!-- Testconfirm -->
        <test-method is-config="true" signature="loadPage()[pri:0, instance:demos.TestActivity9@d706f19]" started-at="2026-02-05T02:26:10 IST" name="loadPage" finished-at="2026-02-05T02:26:11 IST" duration-ms="101" status="PASS">
          <reporter-output>
          </reporter-output>
        </test-method> <!-- loadPage -->
        <test-method signature="Testprompt()[pri:0, instance:demos.TestActivity9@d706f19]" started-at="2026-02-05T02:26:11 IST" name="Testprompt" finished-at="2026-02-05T02:26:11 IST" duration-ms="168" status="PASS">
          <reporter-output>
          </reporter-output>
        </test-method> <!-- Testprompt -->
        <test-method is-config="true" signature="loadPage()[pri:0, instance:demos.TestActivity9@d706f19]" started-at="2026-02-05T02:26:11 IST" name="loadPage" finished-at="2026-02-05T02:26:11 IST" duration-ms="160" status="PASS">
          <reporter-output>
          </reporter-output>
        </test-method> <!-- loadPage -->
        <test-method signature="Testsimple()[pri:0, instance:demos.TestActivity9@d706f19]" started-at="2026-02-05T02:26:11 IST" name="Testsimple" finished-at="2026-02-05T02:26:11 IST" duration-ms="165" status="PASS">
          <reporter-output>
          </reporter-output>
        </test-method> <!-- Testsimple -->
        <test-method is-config="true" signature="tearDown()[pri:0, instance:demos.TestActivity9@d706f19]" started-at="2026-02-05T02:26:11 IST" name="tearDown" finished-at="2026-02-05T02:26:12 IST" duration-ms="746" status="PASS">
          <reporter-output>
          </reporter-output>
        </test-method> <!-- tearDown -->
      </class> <!-- demos.TestActivity9 -->
    </test> <!-- testngTest -->
  </suite> <!-- softwaretestingmaterial -->
</testng-results>
