<?xml version="1.0" encoding="UTF-8"?>
<!-- Generated by org.testng.reporters.JUnitXMLReporter -->
<testsuite ignored="0" hostname="IBM-J2RC6F4" failures="0" tests="3" name="testngTest" time="5.626" errors="0" timestamp="2026-02-05T02:26:12 IST">
  <testcase classname="demos.TestActivity9" name="Testconfirm" time="0.246"/>
  <testcase classname="demos.TestActivity9" name="Testprompt" time="0.168"/>
  <testcase classname="demos.TestActivity9" name="Testsimple" time="0.165"/>
</testsuite> <!-- testngTest -->
